Build started 2012/12/11 10:10:31.
     1>Project "F:\1Semester\CSCE-441-500 COMPUTER GRAPHICS\project\assignment 5\sample\no2\no2\no2.vcxproj" on node 2 (build target(s)).
     1>InitializeBuildStatus:
         Creating "Debug\no2.unsuccessfulbuild" because "AlwaysCreate" was specified.
       ClCompile:
         d:\Microsoft Visual Studio 10.0\VC\bin\CL.exe /c /ZI /nologo /W3 /WX- /Od /Oy- /D WIN32 /D _DEBUG /D _CONSOLE /D _UNICODE /D UNICODE /Gm /EHsc /RTC1 /MDd /GS /fp:precise /Zc:wchar_t /Zc:forScope /Fo"Debug\\" /Fd"Debug\vc100.pdb" /Gd /TP /analyze- /errorReport:prompt no2.cpp
         no2.cpp
     1>f:\1semester\csce-441-500 computer graphics\project\assignment 5\sample\no2\no2\no2.cpp(112): warning C4172: returning address of local variable or temporary
     1>f:\1semester\csce-441-500 computer graphics\project\assignment 5\sample\no2\no2\no2.cpp(235): warning C4018: '<' : signed/unsigned mismatch
     1>f:\1semester\csce-441-500 computer graphics\project\assignment 5\sample\no2\no2\no2.cpp(243): warning C4018: '<' : signed/unsigned mismatch
     1>f:\1semester\csce-441-500 computer graphics\project\assignment 5\sample\no2\no2\no2.cpp(257): warning C4172: returning address of local variable or temporary
     1>f:\1semester\csce-441-500 computer graphics\project\assignment 5\sample\no2\no2\no2.cpp(284): warning C4018: '<' : signed/unsigned mismatch
       ManifestResourceCompile:
         All outputs are up-to-date.
       Link:
         d:\Microsoft Visual Studio 10.0\VC\bin\link.exe /ERRORREPORT:PROMPT /OUT:"F:\1Semester\CSCE-441-500 COMPUTER GRAPHICS\project\assignment 5\sample\no2\Debug\no2.exe" /INCREMENTAL /NOLOGO kernel32.lib user32.lib gdi32.lib winspool.lib comdlg32.lib advapi32.lib shell32.lib ole32.lib oleaut32.lib uuid.lib odbc32.lib odbccp32.lib /MANIFEST /ManifestFile:"Debug\no2.exe.intermediate.manifest" /MANIFESTUAC:"level='asInvoker' uiAccess='false'" /DEBUG /PDB:"F:\1Semester\CSCE-441-500 COMPUTER GRAPHICS\project\assignment 5\sample\no2\Debug\no2.pdb" /SUBSYSTEM:CONSOLE /TLBID:1 /DYNAMICBASE /NXCOMPAT /IMPLIB:"F:\1Semester\CSCE-441-500 COMPUTER GRAPHICS\project\assignment 5\sample\no2\Debug\no2.lib" /MACHINE:X86 Debug\no2.exe.embed.manifest.res
         Debug\no2.obj
         Debug\stdafx.obj
       Manifest:
         C:\Program Files (x86)\Microsoft SDKs\Windows\v7.0A\bin\mt.exe /nologo /verbose /out:"Debug\no2.exe.embed.manifest" /manifest Debug\no2.exe.intermediate.manifest
         All outputs are up-to-date.
       LinkEmbedManifest:
         All outputs are up-to-date.
         no2.vcxproj -> F:\1Semester\CSCE-441-500 COMPUTER GRAPHICS\project\assignment 5\sample\no2\Debug\no2.exe
       FinalizeBuildStatus:
         Deleting file "Debug\no2.unsuccessfulbuild".
         Touching "Debug\no2.lastbuildstate".
     1>Done Building Project "F:\1Semester\CSCE-441-500 COMPUTER GRAPHICS\project\assignment 5\sample\no2\no2\no2.vcxproj" (build target(s)).

Build succeeded.

Time Elapsed 00:00:04.26
