Build started 9/18/2013 10:01:27 PM.
     1>Project "C:\Users\DFWZ33\Documents\School\Course Files\ECEN 489\SVN\chefboydrd\ArduinoSerialTutorial\ArduinoSerialInterfacing\ArduinoSerialInterfacing\ArduinoSerialInterfacing.vcxproj" on node 2 (build target(s)).
     1>InitializeBuildStatus:
         Touching "Debug\ArduinoSerialInterfacing.unsuccessfulbuild".
       ClCompile:
         c:\Program Files (x86)\Microsoft Visual Studio 10.0\VC\bin\CL.exe /c /ZI /nologo /W3 /WX- /Od /Oy- /D _MBCS /Gm /EHsc /RTC1 /MDd /GS /fp:precise /Zc:wchar_t /Zc:forScope /Fo"Debug\\" /Fd"Debug\vc100.pdb" /Gd /TP /analyze- /errorReport:prompt main.cpp
         main.cpp
       Link:
         c:\Program Files (x86)\Microsoft Visual Studio 10.0\VC\bin\link.exe /ERRORREPORT:PROMPT /OUT:"C:\Users\DFWZ33\Documents\School\Course Files\ECEN 489\SVN\chefboydrd\ArduinoSerialTutorial\ArduinoSerialInterfacing\Debug\ArduinoSerialInterfacing.exe" /NOLOGO kernel32.lib user32.lib gdi32.lib winspool.lib comdlg32.lib advapi32.lib shell32.lib ole32.lib oleaut32.lib uuid.lib odbc32.lib odbccp32.lib /MANIFEST /ManifestFile:"Debug\ArduinoSerialInterfacing.exe.intermediate.manifest" /MANIFESTUAC:"level='asInvoker' uiAccess='false'" /DEBUG /PDB:"C:\Users\DFWZ33\Documents\School\Course Files\ECEN 489\SVN\chefboydrd\ArduinoSerialTutorial\ArduinoSerialInterfacing\Debug\ArduinoSerialInterfacing.pdb" /TLBID:1 /DYNAMICBASE /NXCOMPAT /IMPLIB:"C:\Users\DFWZ33\Documents\School\Course Files\ECEN 489\SVN\chefboydrd\ArduinoSerialTutorial\ArduinoSerialInterfacing\Debug\ArduinoSerialInterfacing.lib" /MACHINE:X86 Debug\main.obj
         Debug\Serial.obj
         LINK : C:\Users\DFWZ33\Documents\School\Course Files\ECEN 489\SVN\chefboydrd\ArduinoSerialTutorial\ArduinoSerialInterfacing\Debug\ArduinoSerialInterfacing.exe not found or not built by the last incremental link; performing full link
         ArduinoSerialInterfacing.vcxproj -> C:\Users\DFWZ33\Documents\School\Course Files\ECEN 489\SVN\chefboydrd\ArduinoSerialTutorial\ArduinoSerialInterfacing\Debug\ArduinoSerialInterfacing.exe
       Manifest:
         C:\Program Files (x86)\Microsoft SDKs\Windows\v7.0A\bin\mt.exe /nologo /verbose /outputresource:"C:\Users\DFWZ33\Documents\School\Course Files\ECEN 489\SVN\chefboydrd\ArduinoSerialTutorial\ArduinoSerialInterfacing\Debug\ArduinoSerialInterfacing.exe;#1" /manifest Debug\ArduinoSerialInterfacing.exe.intermediate.manifest
       FinalizeBuildStatus:
         Deleting file "Debug\ArduinoSerialInterfacing.unsuccessfulbuild".
         Touching "Debug\ArduinoSerialInterfacing.lastbuildstate".
     1>Done Building Project "C:\Users\DFWZ33\Documents\School\Course Files\ECEN 489\SVN\chefboydrd\ArduinoSerialTutorial\ArduinoSerialInterfacing\ArduinoSerialInterfacing\ArduinoSerialInterfacing.vcxproj" (build target(s)).

Build succeeded.

Time Elapsed 00:00:01.01
